<?xml version="1.0" encoding="UTF-8"?>
<testsuite name="Default test"
           tests="1"
           failures="1"
           errors="0"
           skipped="0"
           time="2,956">
    <properties></properties>

            <testcase
                name="SearchSelenium"
                time="2,956"
                classname="fourthpackage.TestCaseGoogleSearch4">

            <failure type="org.openqa.selenium.ElementNotInteractableException" message="element not interactable
  (Session info: chrome=123.0.6312.122)
Build info: version: &apos;4.18.1&apos;, revision: &apos;b1d3319b48&apos;
System info: os.name: &apos;Windows 10&apos;, os.arch: &apos;amd64&apos;, os.version: &apos;10.0&apos;, java.version: &apos;22&apos;
Driver info: org.openqa.selenium.chrome.ChromeDriver
Command: [acd2b334567fd912ece7bf7bfd7ad549, clickElement {id=f.9F4D8727AE95416858BDAB71303EB2DD.d.009EBA7B5E9BD9A191D36AC7564B4BD6.e.42}]
Capabilities {acceptInsecureCerts: false, browserName: chrome, browserVersion: 123.0.6312.122, chrome: {chromedriverVersion: 123.0.6312.122 (31f8248cdd9..., userDataDir: C:\Users\ktahriou\AppData\L...}, fedcm:accounts: true, goog:chromeOptions: {debuggerAddress: localhost:64069}, networkConnectionEnabled: false, pageLoadStrategy: normal, platformName: windows, proxy: Proxy(), se:cdp: ws://localhost:64069/devtoo..., se:cdpVersion: 123.0.6312.122, setWindowRect: true, strictFileInteractability: false, timeouts: {implicit: 0, pageLoad: 300000, script: 30000}, unhandledPromptBehavior: dismiss and notify, webauthn:extension:credBlob: true, webauthn:extension:largeBlob: true, webauthn:extension:minPinLength: true, webauthn:extension:prf: true, webauthn:virtualAuthenticators: true}
Element: [[ChromeDriver: chrome on windows (acd2b334567fd912ece7bf7bfd7ad549)] -&gt; name: btnK]
Session ID: acd2b334567fd912ece7bf7bfd7ad549">
                <![CDATA[org.openqa.selenium.ElementNotInteractableException: element not interactable
  (Session info: chrome=123.0.6312.122)
Build info: version: '4.18.1', revision: 'b1d3319b48'
System info: os.name: 'Windows 10', os.arch: 'amd64', os.version: '10.0', java.version: '22'
Driver info: org.openqa.selenium.chrome.ChromeDriver
Command: [acd2b334567fd912ece7bf7bfd7ad549, clickElement {id=f.9F4D8727AE95416858BDAB71303EB2DD.d.009EBA7B5E9BD9A191D36AC7564B4BD6.e.42}]
Capabilities {acceptInsecureCerts: false, browserName: chrome, browserVersion: 123.0.6312.122, chrome: {chromedriverVersion: 123.0.6312.122 (31f8248cdd9..., userDataDir: C:\Users\ktahriou\AppData\L...}, fedcm:accounts: true, goog:chromeOptions: {debuggerAddress: localhost:64069}, networkConnectionEnabled: false, pageLoadStrategy: normal, platformName: windows, proxy: Proxy(), se:cdp: ws://localhost:64069/devtoo..., se:cdpVersion: 123.0.6312.122, setWindowRect: true, strictFileInteractability: false, timeouts: {implicit: 0, pageLoad: 300000, script: 30000}, unhandledPromptBehavior: dismiss and notify, webauthn:extension:credBlob: true, webauthn:extension:largeBlob: true, webauthn:extension:minPinLength: true, webauthn:extension:prf: true, webauthn:virtualAuthenticators: true}
Element: [[ChromeDriver: chrome on windows (acd2b334567fd912ece7bf7bfd7ad549)] -> name: btnK]
Session ID: acd2b334567fd912ece7bf7bfd7ad549
                java.base/jdk.internal.reflect.DirectConstructorHandleAccessor.newInstance(DirectConstructorHandleAccessor.java:62)java.base/java.lang.reflect.Constructor.newInstanceWithCaller(Constructor.java:502)java.base/java.lang.reflect.Constructor.newInstance(Constructor.java:486)org.openqa.selenium.remote.ErrorCodec.decode(ErrorCodec.java:167)org.openqa.selenium.remote.codec.w3c.W3CHttpResponseCodec.decode(W3CHttpResponseCodec.java:138)org.openqa.selenium.remote.codec.w3c.W3CHttpResponseCodec.decode(W3CHttpResponseCodec.java:50)org.openqa.selenium.remote.HttpCommandExecutor.execute(HttpCommandExecutor.java:190)org.openqa.selenium.remote.service.DriverCommandExecutor.invokeExecute(DriverCommandExecutor.java:216)org.openqa.selenium.remote.service.DriverCommandExecutor.execute(DriverCommandExecutor.java:174)org.openqa.selenium.remote.RemoteWebDriver.execute(RemoteWebDriver.java:519)org.openqa.selenium.remote.RemoteWebElement.execute(RemoteWebElement.java:223)org.openqa.selenium.remote.RemoteWebElement.click(RemoteWebElement.java:76)java.base/jdk.internal.reflect.DirectMethodHandleAccessor.invoke(DirectMethodHandleAccessor.java:103)java.base/java.lang.reflect.Method.invoke(Method.java:580)org.openqa.selenium.support.pagefactory.internal.LocatingElementHandler.invoke(LocatingElementHandler.java:51)jdk.proxy2/jdk.proxy2.$Proxy12.click(Unknown Source)fourthpackage.TestCaseGoogleSearch4$GoogleSearchPage.searchFor(TestCaseGoogleSearch4.java:54)fourthpackage.TestCaseGoogleSearch4.SearchSelenium(TestCaseGoogleSearch4.java:91)java.base/jdk.internal.reflect.DirectMethodHandleAccessor.invoke(DirectMethodHandleAccessor.java:103)java.base/java.lang.reflect.Method.invoke(Method.java:580)org.testng.internal.MethodInvocationHelper.invokeMethod(MethodInvocationHelper.java:108)org.testng.internal.Invoker.invokeMethod(Invoker.java:661)org.testng.internal.Invoker.invokeTestMethod(Invoker.java:869)org.testng.internal.Invoker.invokeTestMethods(Invoker.java:1193)org.testng.internal.TestMethodWorker.invokeTestMethods(TestMethodWorker.java:126)org.testng.internal.TestMethodWorker.run(TestMethodWorker.java:109)org.testng.TestRunner.privateRun(TestRunner.java:744)org.testng.TestRunner.run(TestRunner.java:602)org.testng.SuiteRunner.runTest(SuiteRunner.java:380)org.testng.SuiteRunner.runSequentially(SuiteRunner.java:375)org.testng.SuiteRunner.privateRun(SuiteRunner.java:340)org.testng.SuiteRunner.run(SuiteRunner.java:289)org.testng.SuiteRunnerWorker.runSuite(SuiteRunnerWorker.java:52)org.testng.SuiteRunnerWorker.run(SuiteRunnerWorker.java:86)org.testng.TestNG.runSuitesSequentially(TestNG.java:1301)org.testng.TestNG.runSuitesLocally(TestNG.java:1226)org.testng.TestNG.runSuites(TestNG.java:1144)org.testng.TestNG.run(TestNG.java:1115)org.testng.remote.AbstractRemoteTestNG.run(AbstractRemoteTestNG.java:132)org.testng.remote.RemoteTestNG.initAndRun(RemoteTestNG.java:230)org.testng.remote.RemoteTestNG.main(RemoteTestNG.java:76)
]]>
            </failure>
    </testcase>


</testsuite>
