<!doctype html>
<html lang="">
<head>
    <meta charset="UTF-8">
    <meta name="viewport"
          content="width=device-width, user-scalable=no, initial-scale=1.0, maximum-scale=1.0, minimum-scale=1.0">
    <meta http-equiv="X-UA-Compatible" content="ie=edge">
    <title>Test Results Report - Test 2</title>

    <link href="reportng.css" rel="stylesheet" type="text/css"/>
</head>
<body>
<div id="meta">
Generated by <a href="http://www.testng.org" target="_blank">TestNG</a> with <a href="https://github.com/testng-team/reportng" target="_blank">ReportNG</a>
at 21:19 CEST on zondag 21 april 2024
    <br/><span
    id="systemInfo">ktahriou@54NF2X2&nbsp;/&nbsp;Java 22 (Oracle Corporation)&nbsp;/&nbsp;Windows 10 10.0 (amd64)</span>
</div>
<h1>Test 2</h1>

<p>
    <a href="index.html">Suites</a>
        &#183; <a href="output.html">Log Output</a>
</p>

<p>Test duration
    : 0,458s</p>

    <table class="resultsTable configTable">
        <tr>
            <th class="header failedConfig"
                colspan="3">Failed Configuration</th>
        </tr>
            <tr class="group">
                <td colspan="3">testcases.TestCase11_1</td>
            </tr>
    <tr>
        <td class="method">
                teardown
        </td>
        <td class="duration">
            0,000s
        </td>
        <td class="result">
            <!-- Display the dependencies for skipped test methods -->


            <!-- Show logger output for the test -->

                <a href="javascript:toggleElement('exception-0', 'block')"
                   title="Click to expand/collapse">
                    <b>java.lang.NullPointerException: Cannot invoke &quot;org.openqa.selenium.WebDriver.quit()&quot; because &quot;testcases.TestCase11_1.driver&quot; is null</b>
                </a>
                <br/>
                <div class="stackTrace" id="exception-0">
                        testcases.TestCase11_1.teardown(TestCase11_1.java:187)<br/>
                        java.base/jdk.internal.reflect.DirectMethodHandleAccessor.invoke(DirectMethodHandleAccessor.java:103)<br/>
                        java.base/java.lang.reflect.Method.invoke(Method.java:580)<br/>
                        org.testng.internal.MethodInvocationHelper.invokeMethod(MethodInvocationHelper.java:108)<br/>
                        org.testng.internal.Invoker.invokeConfigurationMethod(Invoker.java:523)<br/>
                        org.testng.internal.Invoker.invokeConfigurations(Invoker.java:224)<br/>
                        org.testng.internal.Invoker.invokeConfigurations(Invoker.java:146)<br/>
                        org.testng.TestRunner.afterRun(TestRunner.java:958)<br/>
                        org.testng.TestRunner.run(TestRunner.java:606)<br/>
                        org.testng.SuiteRunner.runTest(SuiteRunner.java:380)<br/>
                        org.testng.SuiteRunner.runSequentially(SuiteRunner.java:375)<br/>
                        org.testng.SuiteRunner.privateRun(SuiteRunner.java:340)<br/>
                        org.testng.SuiteRunner.run(SuiteRunner.java:289)<br/>
                        org.testng.SuiteRunnerWorker.runSuite(SuiteRunnerWorker.java:52)<br/>
                        org.testng.SuiteRunnerWorker.run(SuiteRunnerWorker.java:86)<br/>
                        org.testng.TestNG.runSuitesSequentially(TestNG.java:1301)<br/>
                        org.testng.TestNG.runSuitesLocally(TestNG.java:1226)<br/>
                        org.testng.TestNG.runSuites(TestNG.java:1144)<br/>
                        org.testng.TestNG.run(TestNG.java:1115)<br/>
                        org.testng.remote.AbstractRemoteTestNG.run(AbstractRemoteTestNG.java:132)<br/>
                        org.testng.remote.RemoteTestNG.initAndRun(RemoteTestNG.java:230)<br/>
                        org.testng.remote.RemoteTestNG.main(RemoteTestNG.java:76)<br/>
                </div>
        </td>
    </tr>

            <tr>
                <td colspan="3">&nbsp;</td>
            </tr>
            <tr>
                <td colspan="3"
                    class="header skippedConfig">Skipped Configuration</td>
            </tr>
                <tr class="group">
                    <td colspan="3">testcases.TestCase11_1</td>
                </tr>
    <tr>
        <td class="method">
                finishTest
        </td>
        <td class="duration">
            0,000s
        </td>
        <td class="result">
            <!-- Display the dependencies for skipped test methods -->

                    <i>Depends on method(s)</i>
                    <span class="dependency">
                        testcases.TestCase11_1.teardown
                    </span>



            <!-- Show logger output for the test -->

        </td>
    </tr>
    </table>

    <table class="resultsTable">
        <tr>
            <th colspan="3" class="header failed">Failed Tests</th>
        </tr>
            <tr>
                <td class="group" colspan="3">testcases.TestCase11_1</td>
            </tr>
    <tr>
        <td class="method">
                loginWithUsernameAndPassword
        </td>
        <td class="duration">
            0,037s
        </td>
        <td class="result">
            <!-- Display the dependencies for skipped test methods -->

                <i>Method arguments: </i>
                <span class="arguments">
                    "admin", "false", "False"
                </span>
                <br/>

            <!-- Show logger output for the test -->

                <a href="javascript:toggleElement('exception-1', 'block')"
                   title="Click to expand/collapse">
                    <b>org.openqa.selenium.ElementNotInteractableException: element not interactable<br/>
&nbsp; (Session info: chrome=123.0.6312.122)<br/>
Build info: version: &apos;4.18.1&apos;, revision: &apos;b1d3319b48&apos;<br/>
System info: os.name: &apos;Windows 10&apos;, os.arch: &apos;amd64&apos;, os.version: &apos;10.0&apos;, java.version: &apos;22&apos;<br/>
Driver info: org.openqa.selenium.chrome.ChromeDriver<br/>
Command: [4729638cf6c79092aebbb0a7e987125e, clearElement {id=f.F337C5E187DC87779CBC5AF39F070B61.d.2E0E73C3F74F9C684D2FF6B3E266E858.e.42}]<br/>
Capabilities {acceptInsecureCerts: false, browserName: chrome, browserVersion: 123.0.6312.122, chrome: {chromedriverVersion: 123.0.6312.58 (6b4b19e9dfbb..., userDataDir: C:\Users\ktahriou\AppData\L...}, fedcm:accounts: true, goog:chromeOptions: {debuggerAddress: localhost:65341}, networkConnectionEnabled: false, pageLoadStrategy: normal, platformName: windows, proxy: Proxy(), se:cdp: ws://localhost:65341/devtoo..., se:cdpVersion: 123.0.6312.122, setWindowRect: true, strictFileInteractability: false, timeouts: {implicit: 0, pageLoad: 300000, script: 30000}, unhandledPromptBehavior: dismiss and notify, webauthn:extension:credBlob: true, webauthn:extension:largeBlob: true, webauthn:extension:minPinLength: true, webauthn:extension:prf: true, webauthn:virtualAuthenticators: true}<br/>
Element: [[ChromeDriver: chrome on windows (4729638cf6c79092aebbb0a7e987125e)] -&gt; id: username]<br/>
Session ID: 4729638cf6c79092aebbb0a7e987125e</b>
                </a>
                <br/>
                <div class="stackTrace" id="exception-1">
                        java.base/jdk.internal.reflect.DirectConstructorHandleAccessor.newInstance(DirectConstructorHandleAccessor.java:62)<br/>
                        java.base/java.lang.reflect.Constructor.newInstanceWithCaller(Constructor.java:502)<br/>
                        java.base/java.lang.reflect.Constructor.newInstance(Constructor.java:486)<br/>
                        org.openqa.selenium.remote.ErrorCodec.decode(ErrorCodec.java:167)<br/>
                        org.openqa.selenium.remote.codec.w3c.W3CHttpResponseCodec.decode(W3CHttpResponseCodec.java:138)<br/>
                        org.openqa.selenium.remote.codec.w3c.W3CHttpResponseCodec.decode(W3CHttpResponseCodec.java:50)<br/>
                        org.openqa.selenium.remote.HttpCommandExecutor.execute(HttpCommandExecutor.java:190)<br/>
                        org.openqa.selenium.remote.service.DriverCommandExecutor.invokeExecute(DriverCommandExecutor.java:216)<br/>
                        org.openqa.selenium.remote.service.DriverCommandExecutor.execute(DriverCommandExecutor.java:174)<br/>
                        org.openqa.selenium.remote.RemoteWebDriver.execute(RemoteWebDriver.java:519)<br/>
                        org.openqa.selenium.remote.RemoteWebElement.execute(RemoteWebElement.java:223)<br/>
                        org.openqa.selenium.remote.RemoteWebElement.clear(RemoteWebElement.java:129)<br/>
                        java.base/jdk.internal.reflect.DirectMethodHandleAccessor.invoke(DirectMethodHandleAccessor.java:103)<br/>
                        java.base/java.lang.reflect.Method.invoke(Method.java:580)<br/>
                        org.openqa.selenium.support.pagefactory.internal.LocatingElementHandler.invoke(LocatingElementHandler.java:51)<br/>
                        jdk.proxy2/jdk.proxy2.$Proxy38.clear(Unknown Source)<br/>
                        defaultpackage.LoginPage.loginWith(LoginPage.java:27)<br/>
                        testcases.TestCase11_1.loginWithUsernameAndPassword(TestCase11_1.java:155)<br/>
                        java.base/jdk.internal.reflect.DirectMethodHandleAccessor.invoke(DirectMethodHandleAccessor.java:103)<br/>
                        java.base/java.lang.reflect.Method.invoke(Method.java:580)<br/>
                        org.testng.internal.MethodInvocationHelper.invokeMethod(MethodInvocationHelper.java:108)<br/>
                        org.testng.internal.Invoker.invokeMethod(Invoker.java:661)<br/>
                        org.testng.internal.Invoker.invokeTestMethod(Invoker.java:869)<br/>
                        org.testng.internal.Invoker.invokeTestMethods(Invoker.java:1193)<br/>
                        org.testng.internal.TestMethodWorker.invokeTestMethods(TestMethodWorker.java:126)<br/>
                        org.testng.internal.TestMethodWorker.run(TestMethodWorker.java:109)<br/>
                        org.testng.TestRunner.privateRun(TestRunner.java:744)<br/>
                        org.testng.TestRunner.run(TestRunner.java:602)<br/>
                        org.testng.SuiteRunner.runTest(SuiteRunner.java:380)<br/>
                        org.testng.SuiteRunner.runSequentially(SuiteRunner.java:375)<br/>
                        org.testng.SuiteRunner.privateRun(SuiteRunner.java:340)<br/>
                        org.testng.SuiteRunner.run(SuiteRunner.java:289)<br/>
                        org.testng.SuiteRunnerWorker.runSuite(SuiteRunnerWorker.java:52)<br/>
                        org.testng.SuiteRunnerWorker.run(SuiteRunnerWorker.java:86)<br/>
                        org.testng.TestNG.runSuitesSequentially(TestNG.java:1301)<br/>
                        org.testng.TestNG.runSuitesLocally(TestNG.java:1226)<br/>
                        org.testng.TestNG.runSuites(TestNG.java:1144)<br/>
                        org.testng.TestNG.run(TestNG.java:1115)<br/>
                        org.testng.remote.AbstractRemoteTestNG.run(AbstractRemoteTestNG.java:132)<br/>
                        org.testng.remote.RemoteTestNG.initAndRun(RemoteTestNG.java:230)<br/>
                        org.testng.remote.RemoteTestNG.main(RemoteTestNG.java:76)<br/>
                </div>
        </td>
    </tr>
    </table>


    <table class="resultsTable" width="100%">
        <tr>
            <th colspan="3" class="header passed">Passed Tests</th>
        </tr>
            <tr>
                <td class="group" colspan="3">testcases.TestCase11_1</td>
            </tr>
    <tr>
        <td class="method">
                loginWithUsernameAndPassword
        </td>
        <td class="duration">
            0,257s
        </td>
        <td class="result">
            <!-- Display the dependencies for skipped test methods -->

                <i>Method arguments: </i>
                <span class="arguments">
                    "admin", "superduper", "True"
                </span>
                <br/>

            <!-- Show logger output for the test -->

        </td>
    </tr>
    </table>

<script type="text/javascript" src="reportng.js"></script>
</body>
