<!doctype html>
<html lang="">
<head>
    <meta charset="UTF-8">
    <meta name="viewport"
          content="width=device-width, user-scalable=no, initial-scale=1.0, maximum-scale=1.0, minimum-scale=1.0">
    <meta http-equiv="X-UA-Compatible" content="ie=edge">
    <title>Test Results Report - Test 5</title>

    <link href="reportng.css" rel="stylesheet" type="text/css"/>
</head>
<body>
<div id="meta">
Generated by <a href="http://www.testng.org" target="_blank">TestNG</a> with <a href="https://github.com/testng-team/reportng" target="_blank">ReportNG</a>
at 18:54 CEST on zaterdag 20 april 2024
    <br/><span
    id="systemInfo">ktahriou@54NF2X2&nbsp;/&nbsp;Java 22 (Oracle Corporation)&nbsp;/&nbsp;Windows 10 10.0 (amd64)</span>
</div>
<h1>Test 5</h1>

<p>
    <a href="index.html">Suites</a>
        &#183; <a href="output.html">Log Output</a>
</p>

<p>Test duration
    : 7,543s</p>


    <table class="resultsTable">
        <tr>
            <th colspan="3" class="header failed">Failed Tests</th>
        </tr>
            <tr>
                <td class="group" colspan="3">thirdpackage.TestCaseGoogleSearch1</td>
            </tr>
    <tr>
        <td class="method">
                SearchCTG
        </td>
        <td class="duration">
            1,804s
        </td>
        <td class="result">
            <!-- Display the dependencies for skipped test methods -->


            <!-- Show logger output for the test -->

                <a href="javascript:toggleElement('exception-0', 'block')"
                   title="Click to expand/collapse">
                    <b>org.openqa.selenium.ElementNotInteractableException: element not interactable<br/>
&nbsp; (Session info: chrome=123.0.6312.122)<br/>
Build info: version: &apos;4.18.1&apos;, revision: &apos;b1d3319b48&apos;<br/>
System info: os.name: &apos;Windows 10&apos;, os.arch: &apos;amd64&apos;, os.version: &apos;10.0&apos;, java.version: &apos;22&apos;<br/>
Driver info: org.openqa.selenium.chrome.ChromeDriver<br/>
Command: [c4a1cf3887b16f43a10b6e4f69fe01e3, clickElement {id=f.2605E70C9FCAABEF2A0FC9AB2B1B8A0C.d.3E6C79D591B3482296D92CD8FDDB79BE.e.33}]<br/>
Capabilities {acceptInsecureCerts: false, browserName: chrome, browserVersion: 123.0.6312.122, chrome: {chromedriverVersion: 123.0.6312.58 (6b4b19e9dfbb..., userDataDir: C:\Users\ktahriou\AppData\L...}, fedcm:accounts: true, goog:chromeOptions: {debuggerAddress: localhost:63397}, networkConnectionEnabled: false, pageLoadStrategy: normal, platformName: windows, proxy: Proxy(), se:cdp: ws://localhost:63397/devtoo..., se:cdpVersion: 123.0.6312.122, setWindowRect: true, strictFileInteractability: false, timeouts: {implicit: 0, pageLoad: 300000, script: 30000}, unhandledPromptBehavior: dismiss and notify, webauthn:extension:credBlob: true, webauthn:extension:largeBlob: true, webauthn:extension:minPinLength: true, webauthn:extension:prf: true, webauthn:virtualAuthenticators: true}<br/>
Element: [[ChromeDriver: chrome on windows (c4a1cf3887b16f43a10b6e4f69fe01e3)] -&gt; name: btnK]<br/>
Session ID: c4a1cf3887b16f43a10b6e4f69fe01e3</b>
                </a>
                <br/>
                <div class="stackTrace" id="exception-0">
                        java.base/jdk.internal.reflect.DirectConstructorHandleAccessor.newInstance(DirectConstructorHandleAccessor.java:62)<br/>
                        java.base/java.lang.reflect.Constructor.newInstanceWithCaller(Constructor.java:502)<br/>
                        java.base/java.lang.reflect.Constructor.newInstance(Constructor.java:486)<br/>
                        org.openqa.selenium.remote.ErrorCodec.decode(ErrorCodec.java:167)<br/>
                        org.openqa.selenium.remote.codec.w3c.W3CHttpResponseCodec.decode(W3CHttpResponseCodec.java:138)<br/>
                        org.openqa.selenium.remote.codec.w3c.W3CHttpResponseCodec.decode(W3CHttpResponseCodec.java:50)<br/>
                        org.openqa.selenium.remote.HttpCommandExecutor.execute(HttpCommandExecutor.java:190)<br/>
                        org.openqa.selenium.remote.service.DriverCommandExecutor.invokeExecute(DriverCommandExecutor.java:216)<br/>
                        org.openqa.selenium.remote.service.DriverCommandExecutor.execute(DriverCommandExecutor.java:174)<br/>
                        org.openqa.selenium.remote.RemoteWebDriver.execute(RemoteWebDriver.java:519)<br/>
                        org.openqa.selenium.remote.RemoteWebElement.execute(RemoteWebElement.java:223)<br/>
                        org.openqa.selenium.remote.RemoteWebElement.click(RemoteWebElement.java:76)<br/>
                        thirdpackage.TestCaseGoogleSearch1.SearchCTG(TestCaseGoogleSearch1.java:66)<br/>
                        java.base/jdk.internal.reflect.DirectMethodHandleAccessor.invoke(DirectMethodHandleAccessor.java:103)<br/>
                        java.base/java.lang.reflect.Method.invoke(Method.java:580)<br/>
                        org.testng.internal.MethodInvocationHelper.invokeMethod(MethodInvocationHelper.java:108)<br/>
                        org.testng.internal.Invoker.invokeMethod(Invoker.java:661)<br/>
                        org.testng.internal.Invoker.invokeTestMethod(Invoker.java:869)<br/>
                        org.testng.internal.Invoker.invokeTestMethods(Invoker.java:1193)<br/>
                        org.testng.internal.TestMethodWorker.invokeTestMethods(TestMethodWorker.java:126)<br/>
                        org.testng.internal.TestMethodWorker.run(TestMethodWorker.java:109)<br/>
                        org.testng.TestRunner.privateRun(TestRunner.java:744)<br/>
                        org.testng.TestRunner.run(TestRunner.java:602)<br/>
                        org.testng.SuiteRunner.runTest(SuiteRunner.java:380)<br/>
                        org.testng.SuiteRunner.runSequentially(SuiteRunner.java:375)<br/>
                        org.testng.SuiteRunner.privateRun(SuiteRunner.java:340)<br/>
                        org.testng.SuiteRunner.run(SuiteRunner.java:289)<br/>
                        org.testng.SuiteRunnerWorker.runSuite(SuiteRunnerWorker.java:52)<br/>
                        org.testng.SuiteRunnerWorker.run(SuiteRunnerWorker.java:86)<br/>
                        org.testng.TestNG.runSuitesSequentially(TestNG.java:1301)<br/>
                        org.testng.TestNG.runSuitesLocally(TestNG.java:1226)<br/>
                        org.testng.TestNG.runSuites(TestNG.java:1144)<br/>
                        org.testng.TestNG.run(TestNG.java:1115)<br/>
                        org.testng.remote.AbstractRemoteTestNG.run(AbstractRemoteTestNG.java:132)<br/>
                        org.testng.remote.RemoteTestNG.initAndRun(RemoteTestNG.java:230)<br/>
                        org.testng.remote.RemoteTestNG.main(RemoteTestNG.java:76)<br/>
                </div>
        </td>
    </tr>
    <tr>
        <td class="method">
                SearchSelenium
        </td>
        <td class="duration">
            1,759s
        </td>
        <td class="result">
            <!-- Display the dependencies for skipped test methods -->


            <!-- Show logger output for the test -->

                <a href="javascript:toggleElement('exception-1', 'block')"
                   title="Click to expand/collapse">
                    <b>org.openqa.selenium.ElementNotInteractableException: element not interactable<br/>
&nbsp; (Session info: chrome=123.0.6312.122)<br/>
Build info: version: &apos;4.18.1&apos;, revision: &apos;b1d3319b48&apos;<br/>
System info: os.name: &apos;Windows 10&apos;, os.arch: &apos;amd64&apos;, os.version: &apos;10.0&apos;, java.version: &apos;22&apos;<br/>
Driver info: org.openqa.selenium.chrome.ChromeDriver<br/>
Command: [494971c5c1302352f30a7f66bd002b09, clickElement {id=f.4ED08BB95E6B368F52E9610B54EDF185.d.F5307053C9A3B61EBC16FFA17B05F94A.e.34}]<br/>
Capabilities {acceptInsecureCerts: false, browserName: chrome, browserVersion: 123.0.6312.122, chrome: {chromedriverVersion: 123.0.6312.58 (6b4b19e9dfbb..., userDataDir: C:\Users\ktahriou\AppData\L...}, fedcm:accounts: true, goog:chromeOptions: {debuggerAddress: localhost:63428}, networkConnectionEnabled: false, pageLoadStrategy: normal, platformName: windows, proxy: Proxy(), se:cdp: ws://localhost:63428/devtoo..., se:cdpVersion: 123.0.6312.122, setWindowRect: true, strictFileInteractability: false, timeouts: {implicit: 0, pageLoad: 300000, script: 30000}, unhandledPromptBehavior: dismiss and notify, webauthn:extension:credBlob: true, webauthn:extension:largeBlob: true, webauthn:extension:minPinLength: true, webauthn:extension:prf: true, webauthn:virtualAuthenticators: true}<br/>
Element: [[ChromeDriver: chrome on windows (494971c5c1302352f30a7f66bd002b09)] -&gt; name: btnK]<br/>
Session ID: 494971c5c1302352f30a7f66bd002b09</b>
                </a>
                <br/>
                <div class="stackTrace" id="exception-1">
                        java.base/jdk.internal.reflect.DirectConstructorHandleAccessor.newInstance(DirectConstructorHandleAccessor.java:62)<br/>
                        java.base/java.lang.reflect.Constructor.newInstanceWithCaller(Constructor.java:502)<br/>
                        java.base/java.lang.reflect.Constructor.newInstance(Constructor.java:486)<br/>
                        org.openqa.selenium.remote.ErrorCodec.decode(ErrorCodec.java:167)<br/>
                        org.openqa.selenium.remote.codec.w3c.W3CHttpResponseCodec.decode(W3CHttpResponseCodec.java:138)<br/>
                        org.openqa.selenium.remote.codec.w3c.W3CHttpResponseCodec.decode(W3CHttpResponseCodec.java:50)<br/>
                        org.openqa.selenium.remote.HttpCommandExecutor.execute(HttpCommandExecutor.java:190)<br/>
                        org.openqa.selenium.remote.service.DriverCommandExecutor.invokeExecute(DriverCommandExecutor.java:216)<br/>
                        org.openqa.selenium.remote.service.DriverCommandExecutor.execute(DriverCommandExecutor.java:174)<br/>
                        org.openqa.selenium.remote.RemoteWebDriver.execute(RemoteWebDriver.java:519)<br/>
                        org.openqa.selenium.remote.RemoteWebElement.execute(RemoteWebElement.java:223)<br/>
                        org.openqa.selenium.remote.RemoteWebElement.click(RemoteWebElement.java:76)<br/>
                        thirdpackage.TestCaseGoogleSearch1.SearchSelenium(TestCaseGoogleSearch1.java:42)<br/>
                        java.base/jdk.internal.reflect.DirectMethodHandleAccessor.invoke(DirectMethodHandleAccessor.java:103)<br/>
                        java.base/java.lang.reflect.Method.invoke(Method.java:580)<br/>
                        org.testng.internal.MethodInvocationHelper.invokeMethod(MethodInvocationHelper.java:108)<br/>
                        org.testng.internal.Invoker.invokeMethod(Invoker.java:661)<br/>
                        org.testng.internal.Invoker.invokeTestMethod(Invoker.java:869)<br/>
                        org.testng.internal.Invoker.invokeTestMethods(Invoker.java:1193)<br/>
                        org.testng.internal.TestMethodWorker.invokeTestMethods(TestMethodWorker.java:126)<br/>
                        org.testng.internal.TestMethodWorker.run(TestMethodWorker.java:109)<br/>
                        org.testng.TestRunner.privateRun(TestRunner.java:744)<br/>
                        org.testng.TestRunner.run(TestRunner.java:602)<br/>
                        org.testng.SuiteRunner.runTest(SuiteRunner.java:380)<br/>
                        org.testng.SuiteRunner.runSequentially(SuiteRunner.java:375)<br/>
                        org.testng.SuiteRunner.privateRun(SuiteRunner.java:340)<br/>
                        org.testng.SuiteRunner.run(SuiteRunner.java:289)<br/>
                        org.testng.SuiteRunnerWorker.runSuite(SuiteRunnerWorker.java:52)<br/>
                        org.testng.SuiteRunnerWorker.run(SuiteRunnerWorker.java:86)<br/>
                        org.testng.TestNG.runSuitesSequentially(TestNG.java:1301)<br/>
                        org.testng.TestNG.runSuitesLocally(TestNG.java:1226)<br/>
                        org.testng.TestNG.runSuites(TestNG.java:1144)<br/>
                        org.testng.TestNG.run(TestNG.java:1115)<br/>
                        org.testng.remote.AbstractRemoteTestNG.run(AbstractRemoteTestNG.java:132)<br/>
                        org.testng.remote.RemoteTestNG.initAndRun(RemoteTestNG.java:230)<br/>
                        org.testng.remote.RemoteTestNG.main(RemoteTestNG.java:76)<br/>
                </div>
        </td>
    </tr>
    <tr>
        <td class="method">
                SearchSelenium0
        </td>
        <td class="duration">
            1,801s
        </td>
        <td class="result">
            <!-- Display the dependencies for skipped test methods -->


            <!-- Show logger output for the test -->

                <a href="javascript:toggleElement('exception-2', 'block')"
                   title="Click to expand/collapse">
                    <b>org.openqa.selenium.ElementNotInteractableException: element not interactable<br/>
&nbsp; (Session info: chrome=123.0.6312.122)<br/>
Build info: version: &apos;4.18.1&apos;, revision: &apos;b1d3319b48&apos;<br/>
System info: os.name: &apos;Windows 10&apos;, os.arch: &apos;amd64&apos;, os.version: &apos;10.0&apos;, java.version: &apos;22&apos;<br/>
Driver info: org.openqa.selenium.chrome.ChromeDriver<br/>
Command: [52d1b5b73e9f97c29e7647000ddd4ae3, clickElement {id=f.196396E6972D991D101814170EA50BB9.d.E3537403657048B7FCB5918F3957C299.e.33}]<br/>
Capabilities {acceptInsecureCerts: false, browserName: chrome, browserVersion: 123.0.6312.122, chrome: {chromedriverVersion: 123.0.6312.58 (6b4b19e9dfbb..., userDataDir: C:\Users\ktahriou\AppData\L...}, fedcm:accounts: true, goog:chromeOptions: {debuggerAddress: localhost:63450}, networkConnectionEnabled: false, pageLoadStrategy: normal, platformName: windows, proxy: Proxy(), se:cdp: ws://localhost:63450/devtoo..., se:cdpVersion: 123.0.6312.122, setWindowRect: true, strictFileInteractability: false, timeouts: {implicit: 0, pageLoad: 300000, script: 30000}, unhandledPromptBehavior: dismiss and notify, webauthn:extension:credBlob: true, webauthn:extension:largeBlob: true, webauthn:extension:minPinLength: true, webauthn:extension:prf: true, webauthn:virtualAuthenticators: true}<br/>
Element: [[ChromeDriver: chrome on windows (52d1b5b73e9f97c29e7647000ddd4ae3)] -&gt; name: btnK]<br/>
Session ID: 52d1b5b73e9f97c29e7647000ddd4ae3</b>
                </a>
                <br/>
                <div class="stackTrace" id="exception-2">
                        java.base/jdk.internal.reflect.DirectConstructorHandleAccessor.newInstance(DirectConstructorHandleAccessor.java:62)<br/>
                        java.base/java.lang.reflect.Constructor.newInstanceWithCaller(Constructor.java:502)<br/>
                        java.base/java.lang.reflect.Constructor.newInstance(Constructor.java:486)<br/>
                        org.openqa.selenium.remote.ErrorCodec.decode(ErrorCodec.java:167)<br/>
                        org.openqa.selenium.remote.codec.w3c.W3CHttpResponseCodec.decode(W3CHttpResponseCodec.java:138)<br/>
                        org.openqa.selenium.remote.codec.w3c.W3CHttpResponseCodec.decode(W3CHttpResponseCodec.java:50)<br/>
                        org.openqa.selenium.remote.HttpCommandExecutor.execute(HttpCommandExecutor.java:190)<br/>
                        org.openqa.selenium.remote.service.DriverCommandExecutor.invokeExecute(DriverCommandExecutor.java:216)<br/>
                        org.openqa.selenium.remote.service.DriverCommandExecutor.execute(DriverCommandExecutor.java:174)<br/>
                        org.openqa.selenium.remote.RemoteWebDriver.execute(RemoteWebDriver.java:519)<br/>
                        org.openqa.selenium.remote.RemoteWebElement.execute(RemoteWebElement.java:223)<br/>
                        org.openqa.selenium.remote.RemoteWebElement.click(RemoteWebElement.java:76)<br/>
                        thirdpackage.TestCaseGoogleSearch1.SearchSelenium0(TestCaseGoogleSearch1.java:53)<br/>
                        java.base/jdk.internal.reflect.DirectMethodHandleAccessor.invoke(DirectMethodHandleAccessor.java:103)<br/>
                        java.base/java.lang.reflect.Method.invoke(Method.java:580)<br/>
                        org.testng.internal.MethodInvocationHelper.invokeMethod(MethodInvocationHelper.java:108)<br/>
                        org.testng.internal.Invoker.invokeMethod(Invoker.java:661)<br/>
                        org.testng.internal.Invoker.invokeTestMethod(Invoker.java:869)<br/>
                        org.testng.internal.Invoker.invokeTestMethods(Invoker.java:1193)<br/>
                        org.testng.internal.TestMethodWorker.invokeTestMethods(TestMethodWorker.java:126)<br/>
                        org.testng.internal.TestMethodWorker.run(TestMethodWorker.java:109)<br/>
                        org.testng.TestRunner.privateRun(TestRunner.java:744)<br/>
                        org.testng.TestRunner.run(TestRunner.java:602)<br/>
                        org.testng.SuiteRunner.runTest(SuiteRunner.java:380)<br/>
                        org.testng.SuiteRunner.runSequentially(SuiteRunner.java:375)<br/>
                        org.testng.SuiteRunner.privateRun(SuiteRunner.java:340)<br/>
                        org.testng.SuiteRunner.run(SuiteRunner.java:289)<br/>
                        org.testng.SuiteRunnerWorker.runSuite(SuiteRunnerWorker.java:52)<br/>
                        org.testng.SuiteRunnerWorker.run(SuiteRunnerWorker.java:86)<br/>
                        org.testng.TestNG.runSuitesSequentially(TestNG.java:1301)<br/>
                        org.testng.TestNG.runSuitesLocally(TestNG.java:1226)<br/>
                        org.testng.TestNG.runSuites(TestNG.java:1144)<br/>
                        org.testng.TestNG.run(TestNG.java:1115)<br/>
                        org.testng.remote.AbstractRemoteTestNG.run(AbstractRemoteTestNG.java:132)<br/>
                        org.testng.remote.RemoteTestNG.initAndRun(RemoteTestNG.java:230)<br/>
                        org.testng.remote.RemoteTestNG.main(RemoteTestNG.java:76)<br/>
                </div>
        </td>
    </tr>
    </table>



<script type="text/javascript" src="reportng.js"></script>
</body>
